<?xml version="1.0" encoding="UTF-8"?>
  <testsuite tests="25" failures="0" time="0.786204113">
      <testcase name="Credential create credential should create" classname="Storage E2E Suite" time="0.00579694"></testcase>
      <testcase name="Credential create credential should not create" classname="Storage E2E Suite" time="0.004669417"></testcase>
      <testcase name="Credential retrieve credential should find" classname="Storage E2E Suite" time="0.005399718"></testcase>
      <testcase name="Credential retrieve credential should not find" classname="Storage E2E Suite" time="0.003209322"></testcase>
      <testcase name="Credential update credential should update" classname="Storage E2E Suite" time="0.01711397"></testcase>
      <testcase name="Cluster create cluster should create" classname="Storage E2E Suite" time="0.006917524"></testcase>
      <testcase name="Cluster create cluster should not create" classname="Storage E2E Suite" time="0.003487485"></testcase>
      <testcase name="Cluster retrieve cluster should find" classname="Storage E2E Suite" time="0.00330342"></testcase>
      <testcase name="Cluster retrieve cluster should not find" classname="Storage E2E Suite" time="0.003203033"></testcase>
      <testcase name="Cluster retrieve cluster should find" classname="Storage E2E Suite" time="0.004530674"></testcase>
      <testcase name="Cluster update cluster should update" classname="Storage E2E Suite" time="0.015615356"></testcase>
      <testcase name="Cluster update cluster status should update status" classname="Storage E2E Suite" time="0.010626859"></testcase>
      <testcase name="SSH create ssh should create" classname="Storage E2E Suite" time="0.334332376"></testcase>
      <testcase name="SSH create ssh should not create" classname="Storage E2E Suite" time="0.268726931"></testcase>
      <testcase name="SSH retrieve key should find" classname="Storage E2E Suite" time="0.004431547"></testcase>
      <testcase name="SSH retrieve key should not find" classname="Storage E2E Suite" time="0.008902591"></testcase>
      <testcase name="SSH retrieve key should not find" classname="Storage E2E Suite" time="0.003965445"></testcase>
      <testcase name="Node Group create node group should create" classname="Storage E2E Suite" time="0.0085267"></testcase>
      <testcase name="Node Group create node group should not create" classname="Storage E2E Suite" time="0.007701327"></testcase>
      <testcase name="Node Group retrieve node group should find" classname="Storage E2E Suite" time="0.004098235"></testcase>
      <testcase name="Node Group retrieve node group should not find" classname="Storage E2E Suite" time="0.002931804"></testcase>
      <testcase name="Node Group retrieve node group should not find" classname="Storage E2E Suite" time="0.00379685"></testcase>
      <testcase name="Node Group retrieve node group should find" classname="Storage E2E Suite" time="0.003707628"></testcase>
      <testcase name="Node Group update node group should update" classname="Storage E2E Suite" time="0.013711479"></testcase>
      <testcase name="Node Group update node group should update status" classname="Storage E2E Suite" time="0.01538714"></testcase>
  </testsuite>